<?xml version="1.0" encoding="UTF-8"?>
<testsuite xmlns:xsi="http://www.w3.org/2001/XMLSchema-instance" xsi:noNamespaceSchemaLocation="https://maven.apache.org/surefire/maven-surefire-plugin/xsd/surefire-test-report-3.0.xsd" version="3.0" name="models.DAO.PetDAOTest" time="0.692" tests="3" errors="0" skipped="0" failures="0">
  <properties>
[...]
</properties>
  <testcase name="testEditarPet" classname="models.DAO.PetDAOTest" time="0.1"/>
  <testcase name="testInserirERecuperarPet" classname="models.DAO.PetDAOTest" time="0.329"/>
  <testcase name="testExcluirPet" classname="models.DAO.PetDAOTest" time="0.212"/>
</testsuite>